<?xml version="1.0" encoding="UTF-8"?>
<testsuite xmlns:xsi="http://www.w3.org/2001/XMLSchema-instance" xsi:noNamespaceSchemaLocation="https://maven.apache.org/surefire/maven-surefire-plugin/xsd/surefire-test-report.xsd" name="com.nowcoder.mavendemo1.AppTest" time="0.047" tests="1" errors="0" skipped="0" failures="0">
  <properties>
    <property name="java.specification.version" value="14"/>
    <property name="sun.cpu.isalist" value="amd64"/>
    <property name="sun.jnu.encoding" value="GBK"/>
    <property name="java.class.path" value="D:\apache-maven-3.8.4\workspace\mavendemo1\target\test-classes;D:\apache-maven-3.8.4\workspace\mavendemo1\target\classes;C:\Users\Administrator.DESKTOP-L0VLK3H\.m2\repository\junit\junit\4.11\junit-4.11.jar;C:\Users\Administrator.DESKTOP-L0VLK3H\.m2\repository\org\hamcrest\hamcrest-core\1.3\hamcrest-core-1.3.jar;"/>
    <property name="java.vm.vendor" value="Oracle Corporation"/>
    <property name="sun.arch.data.model" value="64"/>
    <property name="user.variant" value=""/>
    <property name="java.vendor.url" value="https://java.oracle.com/"/>
    <property name="user.timezone" value="Asia/Shanghai"/>
    <property name="os.name" value="Windows 10"/>
    <property name="java.vm.specification.version" value="14"/>
    <property name="sun.java.launcher" value="SUN_STANDARD"/>
    <property name="user.country" value="CN"/>
    <property name="sun.boot.library.path" value="D:\eclipse\eclipse\bin"/>
    <property name="sun.java.command" value="C:\Users\ADMINI~1.DES\AppData\Local\Temp\surefire5249251980188014795\surefirebooter5764372089367962776.jar C:\Users\Administrator.DESKTOP-L0VLK3H\AppData\Local\Temp\surefire5249251980188014795 2022-03-01T16-01-00_508-jvmRun1 surefire4195654502974764657tmp surefire_05198885554275166208tmp"/>
    <property name="jdk.debug" value="release"/>
    <property name="surefire.test.class.path" value="D:\apache-maven-3.8.4\workspace\mavendemo1\target\test-classes;D:\apache-maven-3.8.4\workspace\mavendemo1\target\classes;C:\Users\Administrator.DESKTOP-L0VLK3H\.m2\repository\junit\junit\4.11\junit-4.11.jar;C:\Users\Administrator.DESKTOP-L0VLK3H\.m2\repository\org\hamcrest\hamcrest-core\1.3\hamcrest-core-1.3.jar;"/>
    <property name="sun.cpu.endian" value="little"/>
    <property name="user.home" value="C:\Users\Administrator.DESKTOP-L0VLK3H"/>
    <property name="user.language" value="zh"/>
    <property name="java.specification.vendor" value="Oracle Corporation"/>
    <property name="java.version.date" value="2020-04-14"/>
    <property name="java.home" value="D:\eclipse\eclipse"/>
    <property name="file.separator" value="\"/>
    <property name="basedir" value="D:\apache-maven-3.8.4\workspace\mavendemo1"/>
    <property name="java.vm.compressedOopsMode" value="32-bit"/>
    <property name="line.separator" value="&#10;"/>
    <property name="java.vm.specification.vendor" value="Oracle Corporation"/>
    <property name="java.specification.name" value="Java Platform API Specification"/>
    <property name="surefire.real.class.path" value="C:\Users\ADMINI~1.DES\AppData\Local\Temp\surefire5249251980188014795\surefirebooter5764372089367962776.jar"/>
    <property name="user.script" value=""/>
    <property name="sun.management.compiler" value="HotSpot 64-Bit Tiered Compilers"/>
    <property name="java.runtime.version" value="14.0.1+7"/>
    <property name="user.name" value="liuyujia"/>
    <property name="path.separator" value=";"/>
    <property name="os.version" value="10.0"/>
    <property name="java.runtime.name" value="Java(TM) SE Runtime Environment"/>
    <property name="file.encoding" value="GBK"/>
    <property name="java.vm.name" value="Java HotSpot(TM) 64-Bit Server VM"/>
    <property name="localRepository" value="C:\Users\Administrator.DESKTOP-L0VLK3H\.m2\repository"/>
    <property name="java.vendor.url.bug" value="https://bugreport.java.com/bugreport/"/>
    <property name="java.io.tmpdir" value="C:\Users\ADMINI~1.DES\AppData\Local\Temp\"/>
    <property name="java.version" value="14.0.1"/>
    <property name="user.dir" value="D:\apache-maven-3.8.4\workspace\mavendemo1"/>
    <property name="os.arch" value="amd64"/>
    <property name="java.vm.specification.name" value="Java Virtual Machine Specification"/>
    <property name="sun.os.patch.level" value=""/>
    <property name="java.library.path" value="D:\eclipse\eclipse\bin;C:\windows\Sun\Java\bin;C:\windows\system32;C:\windows;C:\Program Files\NVIDIA GPU Computing Toolkit\CUDA\v9.0\bin;C:\Program Files\NVIDIA GPU Computing Toolkit\CUDA\v9.0\libnvvp;D:\Xshell\;C:\windows\system32;C:\windows;C:\windows\System32\Wbem;C:\windows\System32\WindowsPowerShell\v1.0\;C:\windows\System32\OpenSSH\;&quot;D:\eclipse\eclipse\bin;D:\eclipse\eclipse\jre\bin;&quot;;C:\Program Files\Microsoft SQL Server\130\Tools\Binn\;D:\PYTHON\Scripts;C:\Users\Administrator.DESKTOP-L0VLK3H\.dnx\bin;C:\Program Files\Microsoft DNX\Dnvm\;D:\PYTHON\;C:\Program Files (x86)\Windows Kits\8.1\Windows Performance Toolkit\;\;C:\Program Files (x86)\NVIDIA Corporation\PhysX\Common;C:\Program Files\NVIDIA Corporation\NVIDIA NvDLISR;D:\apache-maven-3.8.4\bin;C:\Users\Administrator.DESKTOP-L0VLK3H\AppData\Local\Microsoft\WindowsApps;;."/>
    <property name="java.vm.info" value="mixed mode, sharing"/>
    <property name="java.vendor" value="Oracle Corporation"/>
    <property name="java.vm.version" value="14.0.1+7"/>
    <property name="sun.io.unicode.encoding" value="UnicodeLittle"/>
    <property name="java.class.version" value="58.0"/>
  </properties>
  <testcase name="shouldAnswerWithTrue" classname="com.nowcoder.mavendemo1.AppTest" time="0"/>
</testsuite>